Arguments: 
  /home/denovo/.nvm/versions/node/v9.11.1/bin/node /home/denovo/.nvm/versions/node/v9.11.1/bin/yarn dev

PATH: 
  /home/denovo/.nvm/versions/node/v9.11.1/bin:/usr/local/bin:/usr/local/sbin:/usr/bin:/usr/lib/jvm/default/bin:/usr/bin/site_perl:/usr/bin/vendor_perl:/usr/bin/core_perl

Yarn version: 
  1.5.1

Node version: 
  9.11.1

Platform: 
  linux x64

npm manifest: 
  No manifest

yarn manifest: 
  No manifest

Lockfile: 
  No lockfile

Trace: 
  Error: Couldn't find a package.json file in "/home/denovo/Workspaces/nebulas/nebules-tank"
      at new MessageError (/home/denovo/.nvm/versions/node/v9.11.1/lib/node_modules/yarn/lib/cli.js:186:110)
      at /home/denovo/.nvm/versions/node/v9.11.1/lib/node_modules/yarn/lib/cli.js:40048:15
      at Generator.next (<anonymous>)
      at step (/home/denovo/.nvm/versions/node/v9.11.1/lib/node_modules/yarn/lib/cli.js:98:30)
      at /home/denovo/.nvm/versions/node/v9.11.1/lib/node_modules/yarn/lib/cli.js:109:13
      at <anonymous>
